<?xml version="1.0" encoding="UTF-8"?>
<!-- Generated by org.testng.reporters.JUnitXMLReporter -->
<testsuite hostname="MacBook-Pro.local" ignored="0" name="Surefire test" tests="99" failures="0" timestamp="06 Sep 2017 02:42:21 GMT" time="0.806" errors="0">
  <testcase name="TC-01.01" time="0.367" classname="core.PrimeNumberCheckerTest"/>
  <testcase name="TC-01.02" time="0.002" classname="core.PrimeNumberCheckerTest"/>
  <testcase name="TC-01.03" time="0.002" classname="core.PrimeNumberCheckerTest"/>
  <testcase name="TC-01.04" time="0.001" classname="core.PrimeNumberCheckerTest"/>
  <testcase name="TC-01.05" time="0.002" classname="core.PrimeNumberCheckerTest"/>
  <testcase name="TC-01.06" time="0.004" classname="core.PrimeNumberCheckerTest"/>
  <testcase name="TC-01.07" time="0.002" classname="core.PrimeNumberCheckerTest"/>
  <testcase name="TC-01.08" time="0.003" classname="core.PrimeNumberCheckerTest"/>
  <testcase name="TC-01.09" time="0.002" classname="core.PrimeNumberCheckerTest"/>
  <testcase name="TC-01.10" time="0.001" classname="core.PrimeNumberCheckerTest"/>
  <testcase name="TC-01.11" time="0.002" classname="core.PrimeNumberCheckerTest"/>
  <testcase name="TC-01.12" time="0.002" classname="core.PrimeNumberCheckerTest"/>
  <testcase name="TC-01.13" time="0.002" classname="core.PrimeNumberCheckerTest"/>
  <testcase name="TC-01.14" time="0.002" classname="core.PrimeNumberCheckerTest"/>
  <testcase name="TC-01.15" time="0.002" classname="core.PrimeNumberCheckerTest"/>
  <testcase name="TC-01.16" time="0.004" classname="core.PrimeNumberCheckerTest"/>
  <testcase name="TC-01.17" time="0.002" classname="core.PrimeNumberCheckerTest"/>
  <testcase name="TC-01.18" time="0.002" classname="core.PrimeNumberCheckerTest"/>
  <testcase name="TC-01.19" time="0.002" classname="core.PrimeNumberCheckerTest"/>
  <testcase name="TC-01.20" time="0.002" classname="core.PrimeNumberCheckerTest"/>
  <testcase name="TC-01.21" time="0.003" classname="core.PrimeNumberCheckerTest"/>
  <testcase name="TC-01.22" time="0.002" classname="core.PrimeNumberCheckerTest"/>
  <testcase name="TC-01.23" time="0.001" classname="core.PrimeNumberCheckerTest"/>
  <testcase name="TC-01.24" time="0.002" classname="core.PrimeNumberCheckerTest"/>
  <testcase name="TC-01.25" time="0.002" classname="core.PrimeNumberCheckerTest"/>
  <testcase name="TC-01.26" time="0.003" classname="core.PrimeNumberCheckerTest"/>
  <testcase name="TC-01.27" time="0.001" classname="core.PrimeNumberCheckerTest"/>
  <testcase name="TC-01.28" time="0.002" classname="core.PrimeNumberCheckerTest"/>
  <testcase name="TC-01.29" time="0.001" classname="core.PrimeNumberCheckerTest"/>
  <testcase name="TC-01.30" time="0.001" classname="core.PrimeNumberCheckerTest"/>
  <testcase name="TC-01.31" time="0.001" classname="core.PrimeNumberCheckerTest"/>
  <testcase name="TC-01.32" time="0.002" classname="core.PrimeNumberCheckerTest"/>
  <testcase name="TC-01.33" time="0.002" classname="core.PrimeNumberCheckerTest"/>
  <testcase name="TC-01.34" time="0.001" classname="core.PrimeNumberCheckerTest"/>
  <testcase name="TC-01.35" time="0.002" classname="core.PrimeNumberCheckerTest"/>
  <testcase name="TC-01.36" time="0.002" classname="core.PrimeNumberCheckerTest"/>
  <testcase name="TC-01.37" time="0.001" classname="core.PrimeNumberCheckerTest"/>
  <testcase name="TC-01.38" time="0.001" classname="core.PrimeNumberCheckerTest"/>
  <testcase name="TC-01.39" time="0.002" classname="core.PrimeNumberCheckerTest"/>
  <testcase name="TC-01.40" time="0.002" classname="core.PrimeNumberCheckerTest"/>
  <testcase name="TC-01.41" time="0.002" classname="core.PrimeNumberCheckerTest"/>
  <testcase name="TC-01.42" time="0.001" classname="core.PrimeNumberCheckerTest"/>
  <testcase name="TC-01.43" time="0.002" classname="core.PrimeNumberCheckerTest"/>
  <testcase name="TC-01.44" time="0.002" classname="core.PrimeNumberCheckerTest"/>
  <testcase name="TC-01.45" time="0.004" classname="core.PrimeNumberCheckerTest"/>
  <testcase name="TC-01.46" time="0.003" classname="core.PrimeNumberCheckerTest"/>
  <testcase name="TC-01.47" time="0.002" classname="core.PrimeNumberCheckerTest"/>
  <testcase name="TC-01.48" time="0.004" classname="core.PrimeNumberCheckerTest"/>
  <testcase name="TC-01.49" time="0.002" classname="core.PrimeNumberCheckerTest"/>
  <testcase name="TC-01.50" time="0.002" classname="core.PrimeNumberCheckerTest"/>
  <testcase name="TC-01.51" time="0.002" classname="core.PrimeNumberCheckerTest"/>
  <testcase name="TC-01.52" time="0.002" classname="core.PrimeNumberCheckerTest"/>
  <testcase name="TC-01.53" time="0.002" classname="core.PrimeNumberCheckerTest"/>
  <testcase name="TC-01.54" time="0.002" classname="core.PrimeNumberCheckerTest"/>
  <testcase name="TC-01.55" time="0.003" classname="core.PrimeNumberCheckerTest"/>
  <testcase name="TC-01.56" time="0.002" classname="core.PrimeNumberCheckerTest"/>
  <testcase name="TC-01.57" time="0.002" classname="core.PrimeNumberCheckerTest"/>
  <testcase name="TC-01.58" time="0.002" classname="core.PrimeNumberCheckerTest"/>
  <testcase name="TC-01.59" time="0.001" classname="core.PrimeNumberCheckerTest"/>
  <testcase name="TC-01.60" time="0.001" classname="core.PrimeNumberCheckerTest"/>
  <testcase name="TC-01.61" time="0.002" classname="core.PrimeNumberCheckerTest"/>
  <testcase name="TC-01.62" time="0.001" classname="core.PrimeNumberCheckerTest"/>
  <testcase name="TC-01.63" time="0.003" classname="core.PrimeNumberCheckerTest"/>
  <testcase name="TC-01.64" time="0.002" classname="core.PrimeNumberCheckerTest"/>
  <testcase name="TC-01.65" time="0.002" classname="core.PrimeNumberCheckerTest"/>
  <testcase name="TC-01.66" time="0.001" classname="core.PrimeNumberCheckerTest"/>
  <testcase name="TC-01.67" time="0.002" classname="core.PrimeNumberCheckerTest"/>
  <testcase name="TC-01.68" time="0.002" classname="core.PrimeNumberCheckerTest"/>
  <testcase name="TC-01.69" time="0.001" classname="core.PrimeNumberCheckerTest"/>
  <testcase name="TC-01.70" time="0.002" classname="core.PrimeNumberCheckerTest"/>
  <testcase name="TC-01.71" time="0.001" classname="core.PrimeNumberCheckerTest"/>
  <testcase name="TC-01.72" time="0.002" classname="core.PrimeNumberCheckerTest"/>
  <testcase name="TC-01.73" time="0.001" classname="core.PrimeNumberCheckerTest"/>
  <testcase name="TC-01.74" time="0.003" classname="core.PrimeNumberCheckerTest"/>
  <testcase name="TC-01.75" time="0.002" classname="core.PrimeNumberCheckerTest"/>
  <testcase name="TC-01.76" time="0.001" classname="core.PrimeNumberCheckerTest"/>
  <testcase name="TC-01.77" time="0.002" classname="core.PrimeNumberCheckerTest"/>
  <testcase name="TC-01.78" time="0.002" classname="core.PrimeNumberCheckerTest"/>
  <testcase name="TC-01.79" time="0.001" classname="core.PrimeNumberCheckerTest"/>
  <testcase name="TC-01.80" time="0.001" classname="core.PrimeNumberCheckerTest"/>
  <testcase name="TC-01.81" time="0.002" classname="core.PrimeNumberCheckerTest"/>
  <testcase name="TC-01.82" time="0.002" classname="core.PrimeNumberCheckerTest"/>
  <testcase name="TC-01.83" time="0.002" classname="core.PrimeNumberCheckerTest"/>
  <testcase name="TC-01.84" time="0.002" classname="core.PrimeNumberCheckerTest"/>
  <testcase name="TC-01.85" time="0.002" classname="core.PrimeNumberCheckerTest"/>
  <testcase name="TC-01.86" time="0.003" classname="core.PrimeNumberCheckerTest"/>
  <testcase name="TC-01.87" time="0.001" classname="core.PrimeNumberCheckerTest"/>
  <testcase name="TC-01.88" time="0.001" classname="core.PrimeNumberCheckerTest"/>
  <testcase name="TC-01.89" time="0.002" classname="core.PrimeNumberCheckerTest"/>
  <testcase name="TC-01.90" time="0.002" classname="core.PrimeNumberCheckerTest"/>
  <testcase name="TC-01.91" time="0.001" classname="core.PrimeNumberCheckerTest"/>
  <testcase name="TC-01.92" time="0.002" classname="core.PrimeNumberCheckerTest"/>
  <testcase name="TC-01.93" time="0.001" classname="core.PrimeNumberCheckerTest"/>
  <testcase name="TC-01.94" time="0.001" classname="core.PrimeNumberCheckerTest"/>
  <testcase name="TC-01.95" time="0.001" classname="core.PrimeNumberCheckerTest"/>
  <testcase name="TC-01.96" time="0.003" classname="core.PrimeNumberCheckerTest"/>
  <testcase name="TC-01.97" time="0.001" classname="core.PrimeNumberCheckerTest"/>
  <testcase name="TC-01.98" time="0.002" classname="core.PrimeNumberCheckerTest"/>
  <testcase name="TC-01.99" time="0.002" classname="core.PrimeNumberCheckerTest"/>
</testsuite> <!-- Surefire test -->
