<?xml version="1.0" encoding="UTF-8"?>
<testsuite xmlns:xsi="http://www.w3.org/2001/XMLSchema-instance" xsi:noNamespaceSchemaLocation="https://maven.apache.org/surefire/maven-surefire-plugin/xsd/surefire-test-report.xsd" name="core.PrimeNumberCheckerTest" time="1.981" tests="99" errors="0" skipped="0" failures="0">
  <properties>
[...]
</properties>
  <testcase name="TC-01.01" classname="core.PrimeNumberCheckerTest" time="0.365"/>
  <testcase name="TC-01.02" classname="core.PrimeNumberCheckerTest" time="0.003"/>
  <testcase name="TC-01.03" classname="core.PrimeNumberCheckerTest" time="0.002"/>
  <testcase name="TC-01.04" classname="core.PrimeNumberCheckerTest" time="0.001"/>
  <testcase name="TC-01.05" classname="core.PrimeNumberCheckerTest" time="0.002"/>
  <testcase name="TC-01.06" classname="core.PrimeNumberCheckerTest" time="0.005"/>
  <testcase name="TC-01.07" classname="core.PrimeNumberCheckerTest" time="0.002"/>
  <testcase name="TC-01.08" classname="core.PrimeNumberCheckerTest" time="0.002"/>
  <testcase name="TC-01.09" classname="core.PrimeNumberCheckerTest" time="0.002"/>
  <testcase name="TC-01.10" classname="core.PrimeNumberCheckerTest" time="0.001"/>
  <testcase name="TC-01.11" classname="core.PrimeNumberCheckerTest" time="0.003"/>
  <testcase name="TC-01.12" classname="core.PrimeNumberCheckerTest" time="0.002"/>
  <testcase name="TC-01.13" classname="core.PrimeNumberCheckerTest" time="0.002"/>
  <testcase name="TC-01.14" classname="core.PrimeNumberCheckerTest" time="0.002"/>
  <testcase name="TC-01.15" classname="core.PrimeNumberCheckerTest" time="0.002"/>
  <testcase name="TC-01.16" classname="core.PrimeNumberCheckerTest" time="0.003"/>
  <testcase name="TC-01.17" classname="core.PrimeNumberCheckerTest" time="0.001"/>
  <testcase name="TC-01.18" classname="core.PrimeNumberCheckerTest" time="0.002"/>
  <testcase name="TC-01.19" classname="core.PrimeNumberCheckerTest" time="0.002"/>
  <testcase name="TC-01.20" classname="core.PrimeNumberCheckerTest" time="0.002"/>
  <testcase name="TC-01.21" classname="core.PrimeNumberCheckerTest" time="0.002"/>
  <testcase name="TC-01.22" classname="core.PrimeNumberCheckerTest" time="0.001"/>
  <testcase name="TC-01.23" classname="core.PrimeNumberCheckerTest" time="0.002"/>
  <testcase name="TC-01.24" classname="core.PrimeNumberCheckerTest" time="0.002"/>
  <testcase name="TC-01.25" classname="core.PrimeNumberCheckerTest" time="0.001"/>
  <testcase name="TC-01.26" classname="core.PrimeNumberCheckerTest" time="0.002"/>
  <testcase name="TC-01.27" classname="core.PrimeNumberCheckerTest" time="0.002"/>
  <testcase name="TC-01.28" classname="core.PrimeNumberCheckerTest" time="0.002"/>
  <testcase name="TC-01.29" classname="core.PrimeNumberCheckerTest" time="0.001"/>
  <testcase name="TC-01.30" classname="core.PrimeNumberCheckerTest" time="0.002"/>
  <testcase name="TC-01.31" classname="core.PrimeNumberCheckerTest" time="0.002"/>
  <testcase name="TC-01.32" classname="core.PrimeNumberCheckerTest" time="0.002"/>
  <testcase name="TC-01.33" classname="core.PrimeNumberCheckerTest" time="0.002"/>
  <testcase name="TC-01.34" classname="core.PrimeNumberCheckerTest" time="0.001"/>
  <testcase name="TC-01.35" classname="core.PrimeNumberCheckerTest" time="0.002"/>
  <testcase name="TC-01.36" classname="core.PrimeNumberCheckerTest" time="0.001"/>
  <testcase name="TC-01.37" classname="core.PrimeNumberCheckerTest" time="0.002"/>
  <testcase name="TC-01.38" classname="core.PrimeNumberCheckerTest" time="0.002"/>
  <testcase name="TC-01.39" classname="core.PrimeNumberCheckerTest" time="0.002"/>
  <testcase name="TC-01.40" classname="core.PrimeNumberCheckerTest" time="0.002"/>
  <testcase name="TC-01.41" classname="core.PrimeNumberCheckerTest" time="0.002"/>
  <testcase name="TC-01.42" classname="core.PrimeNumberCheckerTest" time="0.002"/>
  <testcase name="TC-01.43" classname="core.PrimeNumberCheckerTest" time="0.001"/>
  <testcase name="TC-01.44" classname="core.PrimeNumberCheckerTest" time="0.002"/>
  <testcase name="TC-01.45" classname="core.PrimeNumberCheckerTest" time="0.004"/>
  <testcase name="TC-01.46" classname="core.PrimeNumberCheckerTest" time="0.003"/>
  <testcase name="TC-01.47" classname="core.PrimeNumberCheckerTest" time="0.002"/>
  <testcase name="TC-01.48" classname="core.PrimeNumberCheckerTest" time="0.004"/>
  <testcase name="TC-01.49" classname="core.PrimeNumberCheckerTest" time="0.003"/>
  <testcase name="TC-01.50" classname="core.PrimeNumberCheckerTest" time="0.002"/>
  <testcase name="TC-01.51" classname="core.PrimeNumberCheckerTest" time="0.002"/>
  <testcase name="TC-01.52" classname="core.PrimeNumberCheckerTest" time="0.002"/>
  <testcase name="TC-01.53" classname="core.PrimeNumberCheckerTest" time="0.003"/>
  <testcase name="TC-01.54" classname="core.PrimeNumberCheckerTest" time="0.002"/>
  <testcase name="TC-01.55" classname="core.PrimeNumberCheckerTest" time="0.003"/>
  <testcase name="TC-01.56" classname="core.PrimeNumberCheckerTest" time="0.002"/>
  <testcase name="TC-01.57" classname="core.PrimeNumberCheckerTest" time="0.003"/>
  <testcase name="TC-01.58" classname="core.PrimeNumberCheckerTest" time="0.002"/>
  <testcase name="TC-01.59" classname="core.PrimeNumberCheckerTest" time="0.001"/>
  <testcase name="TC-01.60" classname="core.PrimeNumberCheckerTest" time="0.002"/>
  <testcase name="TC-01.61" classname="core.PrimeNumberCheckerTest" time="0.001"/>
  <testcase name="TC-01.62" classname="core.PrimeNumberCheckerTest" time="0.002"/>
  <testcase name="TC-01.63" classname="core.PrimeNumberCheckerTest" time="0.004"/>
  <testcase name="TC-01.64" classname="core.PrimeNumberCheckerTest" time="0.002"/>
  <testcase name="TC-01.65" classname="core.PrimeNumberCheckerTest" time="0.002"/>
  <testcase name="TC-01.66" classname="core.PrimeNumberCheckerTest" time="0.002"/>
  <testcase name="TC-01.67" classname="core.PrimeNumberCheckerTest" time="0.002"/>
  <testcase name="TC-01.68" classname="core.PrimeNumberCheckerTest" time="0.002"/>
  <testcase name="TC-01.69" classname="core.PrimeNumberCheckerTest" time="0.002"/>
  <testcase name="TC-01.70" classname="core.PrimeNumberCheckerTest" time="0.002"/>
  <testcase name="TC-01.71" classname="core.PrimeNumberCheckerTest" time="0.001"/>
  <testcase name="TC-01.72" classname="core.PrimeNumberCheckerTest" time="0.002"/>
  <testcase name="TC-01.73" classname="core.PrimeNumberCheckerTest" time="0.002"/>
  <testcase name="TC-01.74" classname="core.PrimeNumberCheckerTest" time="0.003"/>
  <testcase name="TC-01.75" classname="core.PrimeNumberCheckerTest" time="0.002"/>
  <testcase name="TC-01.76" classname="core.PrimeNumberCheckerTest" time="0.002"/>
  <testcase name="TC-01.77" classname="core.PrimeNumberCheckerTest" time="0.001"/>
  <testcase name="TC-01.78" classname="core.PrimeNumberCheckerTest" time="0.002"/>
  <testcase name="TC-01.79" classname="core.PrimeNumberCheckerTest" time="0.002"/>
  <testcase name="TC-01.80" classname="core.PrimeNumberCheckerTest" time="0.002"/>
  <testcase name="TC-01.81" classname="core.PrimeNumberCheckerTest" time="0.002"/>
  <testcase name="TC-01.82" classname="core.PrimeNumberCheckerTest" time="0.001"/>
  <testcase name="TC-01.83" classname="core.PrimeNumberCheckerTest" time="0.002"/>
  <testcase name="TC-01.84" classname="core.PrimeNumberCheckerTest" time="0.001"/>
  <testcase name="TC-01.85" classname="core.PrimeNumberCheckerTest" time="0.001"/>
  <testcase name="TC-01.86" classname="core.PrimeNumberCheckerTest" time="0.003"/>
  <testcase name="TC-01.87" classname="core.PrimeNumberCheckerTest" time="0.001"/>
  <testcase name="TC-01.88" classname="core.PrimeNumberCheckerTest" time="0.002"/>
  <testcase name="TC-01.89" classname="core.PrimeNumberCheckerTest" time="0.002"/>
  <testcase name="TC-01.90" classname="core.PrimeNumberCheckerTest" time="0.002"/>
  <testcase name="TC-01.91" classname="core.PrimeNumberCheckerTest" time="0.001"/>
  <testcase name="TC-01.92" classname="core.PrimeNumberCheckerTest" time="0.002"/>
  <testcase name="TC-01.93" classname="core.PrimeNumberCheckerTest" time="0.001"/>
  <testcase name="TC-01.94" classname="core.PrimeNumberCheckerTest" time="0.002"/>
  <testcase name="TC-01.95" classname="core.PrimeNumberCheckerTest" time="0.002"/>
  <testcase name="TC-01.96" classname="core.PrimeNumberCheckerTest" time="0.002"/>
  <testcase name="TC-01.97" classname="core.PrimeNumberCheckerTest" time="0.002"/>
  <testcase name="TC-01.98" classname="core.PrimeNumberCheckerTest" time="0.002"/>
  <testcase name="TC-01.99" classname="core.PrimeNumberCheckerTest" time="0.002"/>
</testsuite>